f:\qt_programs\payroll_management_platform\payroll_management_platform\x64\release\main.obj
f:\qt_programs\payroll_management_platform\payroll_management_platform\x64\release\payroll_management_platform.obj
f:\qt_programs\payroll_management_platform\payroll_management_platform\x64\release\qrc_payroll_management_platform.obj
f:\qt_programs\payroll_management_platform\payroll_management_platform\x64\release\moc_payroll_management_platform.obj
f:\qt_programs\payroll_management_platform\x64\release\payroll_management_platform.exe
f:\qt_programs\payroll_management_platform\payroll_management_platform\x64\release\moc\moc_payroll_management_platform.cpp
f:\qt_programs\payroll_management_platform\payroll_management_platform\x64\release\uic\ui_payroll_management_platform.h
f:\qt_programs\payroll_management_platform\payroll_management_platform\x64\release\rcc\qrc_payroll_management_platform.cpp
f:\qt_programs\payroll_management_platform\payroll_management_platform\x64\release\payroll_management_platform.res
f:\qt_programs\payroll_management_platform\payroll_management_platform\x64\release\payroll_.163b70a1.tlog\cl.15180.write.1.tlog
f:\qt_programs\payroll_management_platform\payroll_management_platform\x64\release\payroll_.163b70a1.tlog\cl.command.1.tlog
f:\qt_programs\payroll_management_platform\payroll_management_platform\x64\release\payroll_.163b70a1.tlog\cl.read.1.tlog
f:\qt_programs\payroll_management_platform\payroll_management_platform\x64\release\payroll_.163b70a1.tlog\link.command.1.tlog
f:\qt_programs\payroll_management_platform\payroll_management_platform\x64\release\payroll_.163b70a1.tlog\link.read.1.tlog
f:\qt_programs\payroll_management_platform\payroll_management_platform\x64\release\payroll_.163b70a1.tlog\link.write.1.tlog
f:\qt_programs\payroll_management_platform\payroll_management_platform\x64\release\payroll_.163b70a1.tlog\moc.read.1u.tlog
f:\qt_programs\payroll_management_platform\payroll_management_platform\x64\release\payroll_.163b70a1.tlog\moc.write.1u.tlog
f:\qt_programs\payroll_management_platform\payroll_management_platform\x64\release\payroll_.163b70a1.tlog\payroll_management_platform.write.1u.tlog
f:\qt_programs\payroll_management_platform\payroll_management_platform\x64\release\payroll_.163b70a1.tlog\rc.command.1.tlog
f:\qt_programs\payroll_management_platform\payroll_management_platform\x64\release\payroll_.163b70a1.tlog\rc.read.1.tlog
f:\qt_programs\payroll_management_platform\payroll_management_platform\x64\release\payroll_.163b70a1.tlog\rc.write.1.tlog
f:\qt_programs\payroll_management_platform\payroll_management_platform\x64\release\payroll_.163b70a1.tlog\rcc.read.1u.tlog
f:\qt_programs\payroll_management_platform\payroll_management_platform\x64\release\payroll_.163b70a1.tlog\rcc.write.1u.tlog
f:\qt_programs\payroll_management_platform\payroll_management_platform\x64\release\payroll_.163b70a1.tlog\uic.read.1u.tlog
f:\qt_programs\payroll_management_platform\payroll_management_platform\x64\release\payroll_.163b70a1.tlog\uic.write.1u.tlog
